0 info it worked if it ends with ok
1 verbose cli [ 'C:\\Program Files\\nodejs\\\\node.exe',
1 verbose cli   'C:\\Program Files\\nodejs\\node_modules\\npm\\bin\\npm-cli.js',
1 verbose cli   'install',
1 verbose cli   'bcrypt-node.js' ]
2 info using npm@1.4.28
3 info using node@v0.10.35
4 verbose node symlink C:\Program Files\nodejs\\node.exe
5 warn package.json node-authentication@ No description
6 warn package.json node-authentication@ No repository field.
7 warn package.json node-authentication@ No README data
8 verbose readDependencies using package.json deps
9 verbose cache add [ 'bcrypt-node.js', null ]
10 verbose cache add name=undefined spec="bcrypt-node.js" args=["bcrypt-node.js",null]
11 verbose parsed url { protocol: null,
11 verbose parsed url   slashes: null,
11 verbose parsed url   auth: null,
11 verbose parsed url   host: null,
11 verbose parsed url   port: null,
11 verbose parsed url   hostname: null,
11 verbose parsed url   hash: null,
11 verbose parsed url   search: null,
11 verbose parsed url   query: null,
11 verbose parsed url   pathname: 'bcrypt-node.js',
11 verbose parsed url   path: 'bcrypt-node.js',
11 verbose parsed url   href: 'bcrypt-node.js' }
12 silly lockFile 5ad9d682-bcrypt-node-js bcrypt-node.js
13 verbose lock bcrypt-node.js C:\Users\lem\AppData\Roaming\npm-cache\5ad9d682-bcrypt-node-js.lock
14 silly lockFile 5ad9d682-bcrypt-node-js bcrypt-node.js
15 silly lockFile 5ad9d682-bcrypt-node-js bcrypt-node.js
16 verbose addNamed [ 'bcrypt-node.js', '' ]
17 verbose addNamed [ null, '*' ]
18 silly lockFile 83427a79-bcrypt-node-js bcrypt-node.js@
19 verbose lock bcrypt-node.js@ C:\Users\lem\AppData\Roaming\npm-cache\83427a79-bcrypt-node-js.lock
20 silly addNameRange { name: 'bcrypt-node.js', range: '*', hasData: false }
21 verbose request where is /bcrypt-node.js
22 verbose request registry https://registry.npmjs.org/
23 verbose request id 401e10e2b9072b80
24 verbose url raw /bcrypt-node.js
25 verbose url resolving [ 'https://registry.npmjs.org/', './bcrypt-node.js' ]
26 verbose url resolved https://registry.npmjs.org/bcrypt-node.js
27 verbose request where is https://registry.npmjs.org/bcrypt-node.js
28 info trying registry request attempt 1 at 18:12:12
29 http GET https://registry.npmjs.org/bcrypt-node.js
30 http 404 https://registry.npmjs.org/bcrypt-node.js
31 verbose headers { date: 'Sat, 17 Jan 2015 17:12:16 GMT',
31 verbose headers   server: 'CouchDB/1.5.0 (Erlang OTP/R16B03)',
31 verbose headers   'content-type': 'application/json',
31 verbose headers   'cache-control': 'max-age=0',
31 verbose headers   'content-length': '52',
31 verbose headers   'accept-ranges': 'bytes',
31 verbose headers   via: '1.1 varnish',
31 verbose headers   age: '0',
31 verbose headers   'x-served-by': 'cache-fra1235-FRA',
31 verbose headers   'x-cache': 'MISS',
31 verbose headers   'x-cache-hits': '0',
31 verbose headers   'x-timer': 'S1421514736.015553,VS0,VE418',
31 verbose headers   'keep-alive': 'timeout=10, max=50',
31 verbose headers   connection: 'Keep-Alive' }
32 silly registry.get cb [ 404,
32 silly registry.get   { date: 'Sat, 17 Jan 2015 17:12:16 GMT',
32 silly registry.get     server: 'CouchDB/1.5.0 (Erlang OTP/R16B03)',
32 silly registry.get     'content-type': 'application/json',
32 silly registry.get     'cache-control': 'max-age=0',
32 silly registry.get     'content-length': '52',
32 silly registry.get     'accept-ranges': 'bytes',
32 silly registry.get     via: '1.1 varnish',
32 silly registry.get     age: '0',
32 silly registry.get     'x-served-by': 'cache-fra1235-FRA',
32 silly registry.get     'x-cache': 'MISS',
32 silly registry.get     'x-cache-hits': '0',
32 silly registry.get     'x-timer': 'S1421514736.015553,VS0,VE418',
32 silly registry.get     'keep-alive': 'timeout=10, max=50',
32 silly registry.get     connection: 'Keep-Alive' } ]
33 silly lockFile 83427a79-bcrypt-node-js bcrypt-node.js@
34 silly lockFile 83427a79-bcrypt-node-js bcrypt-node.js@
35 error 404 404 Not Found: bcrypt-node.js
35 error 404
35 error 404 'bcrypt-node.js' is not in the npm registry.
35 error 404 You should bug the author to publish it
35 error 404 It was specified as a dependency of 'node-authentication'
35 error 404
35 error 404 Maybe try 'npm search bcrypt node'
35 error 404
35 error 404 Note that you can also install from a
35 error 404 tarball, folder, or http url, or git url.
36 error System Windows_NT 6.2.9200
37 error command "C:\\Program Files\\nodejs\\\\node.exe" "C:\\Program Files\\nodejs\\node_modules\\npm\\bin\\npm-cli.js" "install" "bcrypt-node.js"
38 error cwd C:\Users\lem\Desktop\tweet-calendar
39 error node -v v0.10.35
40 error npm -v 1.4.28
41 error code E404
42 verbose exit [ 1, true ]
